<?xml version="1.0" encoding="UTF-8"?>
<!-- Generated by org.testng.reporters.JUnitReportReporter -->
<testsuite skipped="0" hostname="NB23830" name="vn.elca.training.unittesting.service.impl.BankServiceTest" tests="1" failures="0" timestamp="18 Feb 2019 10:54:41 GMT" time="0.007" errors="0">
  <testcase name="calculateInterestRevenueWithDifferenceSavingAccountsShouldCorrectly" time="0.007" classname="vn.elca.training.unittesting.service.impl.BankServiceTest"/>
</testsuite> <!-- vn.elca.training.unittesting.service.impl.BankServiceTest -->
