<?xml version="1.0" encoding="UTF-8"?>
<!-- Generated by org.testng.reporters.JUnitReportReporter -->
<testsuite skipped="0" hostname="NB23830" name="vn.elca.training.unittesting.service.impl.TaxServiceTest" tests="1" failures="0" timestamp="18 Feb 2019 10:54:52 GMT" time="0.052" errors="0">
  <testcase name="testUpdateAnnualTax" time="0.052" classname="vn.elca.training.unittesting.service.impl.TaxServiceTest"/>
</testsuite> <!-- vn.elca.training.unittesting.service.impl.TaxServiceTest -->
