<?xml version="1.0" encoding="UTF-8"?>
<testsuite xmlns:xsi="http://www.w3.org/2001/XMLSchema-instance" xsi:noNamespaceSchemaLocation="https://maven.apache.org/surefire/maven-surefire-plugin/xsd/surefire-test-report.xsd" name="vn.elca.training.unittesting.service.impl.TaxServiceTest" time="0.222" tests="1" errors="0" skipped="0" failures="0">
  <properties>
    <property name="sun.desktop" value="gnome"/>
    <property name="awt.toolkit" value="sun.awt.X11.XToolkit"/>
    <property name="file.encoding.pkg" value="sun.io"/>
    <property name="java.specification.version" value="1.8"/>
    <property name="sun.cpu.isalist" value=""/>
    <property name="sun.jnu.encoding" value="UTF-8"/>
    <property name="java.class.path" value="/home/vantu/IdeaProjects/unit-test-and-code-coverage/Java/target/test-classes:/home/vantu/IdeaProjects/unit-test-and-code-coverage/Java/target/classes:/home/vantu/.m2/repository/org/junit/jupiter/junit-jupiter/5.7.2/junit-jupiter-5.7.2.jar:/home/vantu/.m2/repository/org/junit/jupiter/junit-jupiter-api/5.7.2/junit-jupiter-api-5.7.2.jar:/home/vantu/.m2/repository/org/apiguardian/apiguardian-api/1.1.0/apiguardian-api-1.1.0.jar:/home/vantu/.m2/repository/org/opentest4j/opentest4j/1.2.0/opentest4j-1.2.0.jar:/home/vantu/.m2/repository/org/junit/platform/junit-platform-commons/1.7.2/junit-platform-commons-1.7.2.jar:/home/vantu/.m2/repository/org/junit/jupiter/junit-jupiter-params/5.7.2/junit-jupiter-params-5.7.2.jar:/home/vantu/.m2/repository/org/junit/jupiter/junit-jupiter-engine/5.7.2/junit-jupiter-engine-5.7.2.jar:/home/vantu/.m2/repository/org/junit/platform/junit-platform-engine/1.7.2/junit-platform-engine-1.7.2.jar:/home/vantu/.m2/repository/org/mockito/mockito-core/3.11.2/mockito-core-3.11.2.jar:/home/vantu/.m2/repository/net/bytebuddy/byte-buddy/1.11.3/byte-buddy-1.11.3.jar:/home/vantu/.m2/repository/net/bytebuddy/byte-buddy-agent/1.11.3/byte-buddy-agent-1.11.3.jar:/home/vantu/.m2/repository/org/objenesis/objenesis/3.2/objenesis-3.2.jar:/home/vantu/.m2/repository/org/mockito/mockito-junit-jupiter/3.11.2/mockito-junit-jupiter-3.11.2.jar:"/>
    <property name="java.vm.vendor" value="Amazon.com Inc."/>
    <property name="sun.arch.data.model" value="64"/>
    <property name="java.vendor.url" value="https://aws.amazon.com/corretto/"/>
    <property name="user.timezone" value=""/>
    <property name="java.vm.specification.version" value="1.8"/>
    <property name="os.name" value="Linux"/>
    <property name="user.country" value="US"/>
    <property name="sun.java.launcher" value="SUN_STANDARD"/>
    <property name="sun.boot.library.path" value="/home/vantu/.jdks/corretto-1.8.0_342/jre/lib/amd64"/>
    <property name="sun.java.command" value="/home/vantu/IdeaProjects/unit-test-and-code-coverage/Java/target/surefire/surefirebooter6105061305317089797.jar /home/vantu/IdeaProjects/unit-test-and-code-coverage/Java/target/surefire 2022-07-30T14-34-45_224-jvmRun1 surefire3010622555074515028tmp surefire_06492325937609097136tmp"/>
    <property name="surefire.test.class.path" value="/home/vantu/IdeaProjects/unit-test-and-code-coverage/Java/target/test-classes:/home/vantu/IdeaProjects/unit-test-and-code-coverage/Java/target/classes:/home/vantu/.m2/repository/org/junit/jupiter/junit-jupiter/5.7.2/junit-jupiter-5.7.2.jar:/home/vantu/.m2/repository/org/junit/jupiter/junit-jupiter-api/5.7.2/junit-jupiter-api-5.7.2.jar:/home/vantu/.m2/repository/org/apiguardian/apiguardian-api/1.1.0/apiguardian-api-1.1.0.jar:/home/vantu/.m2/repository/org/opentest4j/opentest4j/1.2.0/opentest4j-1.2.0.jar:/home/vantu/.m2/repository/org/junit/platform/junit-platform-commons/1.7.2/junit-platform-commons-1.7.2.jar:/home/vantu/.m2/repository/org/junit/jupiter/junit-jupiter-params/5.7.2/junit-jupiter-params-5.7.2.jar:/home/vantu/.m2/repository/org/junit/jupiter/junit-jupiter-engine/5.7.2/junit-jupiter-engine-5.7.2.jar:/home/vantu/.m2/repository/org/junit/platform/junit-platform-engine/1.7.2/junit-platform-engine-1.7.2.jar:/home/vantu/.m2/repository/org/mockito/mockito-core/3.11.2/mockito-core-3.11.2.jar:/home/vantu/.m2/repository/net/bytebuddy/byte-buddy/1.11.3/byte-buddy-1.11.3.jar:/home/vantu/.m2/repository/net/bytebuddy/byte-buddy-agent/1.11.3/byte-buddy-agent-1.11.3.jar:/home/vantu/.m2/repository/org/objenesis/objenesis/3.2/objenesis-3.2.jar:/home/vantu/.m2/repository/org/mockito/mockito-junit-jupiter/3.11.2/mockito-junit-jupiter-3.11.2.jar:"/>
    <property name="sun.cpu.endian" value="little"/>
    <property name="user.home" value="/home/vantu"/>
    <property name="user.language" value="en"/>
    <property name="java.specification.vendor" value="Oracle Corporation"/>
    <property name="java.home" value="/home/vantu/.jdks/corretto-1.8.0_342/jre"/>
    <property name="basedir" value="/home/vantu/IdeaProjects/unit-test-and-code-coverage/Java"/>
    <property name="file.separator" value="/"/>
    <property name="line.separator" value="&#10;"/>
    <property name="java.vm.specification.vendor" value="Oracle Corporation"/>
    <property name="java.specification.name" value="Java Platform API Specification"/>
    <property name="java.awt.graphicsenv" value="sun.awt.X11GraphicsEnvironment"/>
    <property name="surefire.real.class.path" value="/home/vantu/IdeaProjects/unit-test-and-code-coverage/Java/target/surefire/surefirebooter6105061305317089797.jar"/>
    <property name="sun.boot.class.path" value="/home/vantu/.jdks/corretto-1.8.0_342/jre/lib/resources.jar:/home/vantu/.jdks/corretto-1.8.0_342/jre/lib/rt.jar:/home/vantu/.jdks/corretto-1.8.0_342/jre/lib/sunrsasign.jar:/home/vantu/.jdks/corretto-1.8.0_342/jre/lib/jsse.jar:/home/vantu/.jdks/corretto-1.8.0_342/jre/lib/jce.jar:/home/vantu/.jdks/corretto-1.8.0_342/jre/lib/charsets.jar:/home/vantu/.jdks/corretto-1.8.0_342/jre/lib/jfr.jar:/home/vantu/.jdks/corretto-1.8.0_342/jre/classes"/>
    <property name="sun.management.compiler" value="HotSpot 64-Bit Tiered Compilers"/>
    <property name="java.runtime.version" value="1.8.0_342-b07"/>
    <property name="user.name" value="vantu"/>
    <property name="path.separator" value=":"/>
    <property name="os.version" value="5.15.0-41-generic"/>
    <property name="java.endorsed.dirs" value="/home/vantu/.jdks/corretto-1.8.0_342/jre/lib/endorsed"/>
    <property name="java.runtime.name" value="OpenJDK Runtime Environment"/>
    <property name="file.encoding" value="UTF-8"/>
    <property name="java.vm.name" value="OpenJDK 64-Bit Server VM"/>
    <property name="localRepository" value="/home/vantu/.m2/repository"/>
    <property name="java.vendor.url.bug" value="https://github.com/corretto/corretto-8/issues/"/>
    <property name="java.io.tmpdir" value="/tmp"/>
    <property name="idea.version" value="2022.1.3"/>
    <property name="java.version" value="1.8.0_342"/>
    <property name="user.dir" value="/home/vantu/IdeaProjects/unit-test-and-code-coverage/Java"/>
    <property name="os.arch" value="amd64"/>
    <property name="java.vm.specification.name" value="Java Virtual Machine Specification"/>
    <property name="java.awt.printerjob" value="sun.print.PSPrinterJob"/>
    <property name="sun.os.patch.level" value="unknown"/>
    <property name="java.library.path" value="/usr/java/packages/lib/amd64:/usr/lib64:/lib64:/lib:/usr/lib"/>
    <property name="java.vm.info" value="mixed mode"/>
    <property name="java.vendor" value="Amazon.com Inc."/>
    <property name="java.vm.version" value="25.342-b07"/>
    <property name="java.ext.dirs" value="/home/vantu/.jdks/corretto-1.8.0_342/jre/lib/ext:/usr/java/packages/lib/ext"/>
    <property name="sun.io.unicode.encoding" value="UnicodeLittle"/>
    <property name="java.class.version" value="52.0"/>
  </properties>
  <testcase name="testUpdateAnnualTax" classname="vn.elca.training.unittesting.service.impl.TaxServiceTest" time="0.215"/>
</testsuite>